<?xml version="1.0" encoding="UTF-8"?>
<!-- Generated by org.testng.reporters.JUnitXMLReporter -->
<testsuite hostname="XAV-101000871" name="FD" tests="4" failures="2" timestamp="9 Dec 2016 08:31:11 GMT" time="39.841" errors="0">
  <testcase name="loginHallwazeValidation" time="1.865" classname="com.testscript.SignIn"/>
  <testcase name="loginHallwazeVerification" time="0.009" classname="com.testscript.SignIn">
    <failure type="java.lang.AssertionError" message="expected [true] but found [false]">
      <![CDATA[java.lang.AssertionError: expected [true] but found [false]
	at com.testscript.SignIn.loginHallwazeVerification(SignIn.java:25)
... Removed 32 stack frames]]>
    </failure>
  </testcase> <!-- loginHallwazeVerification -->
  <testcase name="LogOutScenario" time="0.062" classname="com.testscript.LogOut">
    <failure type="java.lang.AssertionError" message="expected [true] but found [false]">
      <![CDATA[java.lang.AssertionError: expected [true] but found [false]
	at com.testscript.LogOut.LogOutScenario(LogOut.java:16)
... Removed 32 stack frames]]>
    </failure>
  </testcase> <!-- LogOutScenario -->
  <testcase name="LogoutPassScenerio" time="0.0" classname="com.testscript.LogOut"/>
</testsuite> <!-- FD -->
