<?xml version="1.0" encoding="UTF-8"?>
<testng-results skipped="0" failed="2" total="4" passed="2">
  <reporter-output>
  </reporter-output>
  <suite name="FD" duration-ms="39841" started-at="2016-12-09T08:30:31Z" finished-at="2016-12-09T08:31:11Z">
    <groups>
    </groups>
    <test name="FD" duration-ms="39841" started-at="2016-12-09T08:30:31Z" finished-at="2016-12-09T08:31:11Z">
      <class name="com.testscript.SignIn">
        <test-method status="PASS" signature="InitiateDriver(java.lang.String, java.lang.String)[pri:0, instance:com.testscript.SignIn@7dc7cbad]" name="InitiateDriver" is-config="true" duration-ms="5759" started-at="2016-12-09T14:00:31Z" finished-at="2016-12-09T14:00:37Z">
          <params>
            <param index="0">
              <value>
                <![CDATA[chrome]]>
              </value>
            </param>
            <param index="1">
              <value>
                <![CDATA[https://www.hallwaze.com/]]>
              </value>
            </param>
          </params>
          <reporter-output>
          </reporter-output>
        </test-method> <!-- InitiateDriver -->
        <test-method status="PASS" signature="loginHallwazeValidation(java.lang.String, java.lang.String)[pri:0, instance:com.testscript.SignIn@7dc7cbad]" name="loginHallwazeValidation" duration-ms="1865" started-at="2016-12-09T14:00:37Z" data-provider="ExcelTestData" finished-at="2016-12-09T14:00:39Z">
          <params>
            <param index="0">
              <value>
                <![CDATA[mislam@xavient.com]]>
              </value>
            </param>
            <param index="1">
              <value>
                <![CDATA[India@123_123]]>
              </value>
            </param>
          </params>
          <reporter-output>
          </reporter-output>
        </test-method> <!-- loginHallwazeValidation -->
        <test-method status="PASS" signature="StopDriver(org.testng.ITestResult)[pri:0, instance:com.testscript.SignIn@7dc7cbad]" name="StopDriver" is-config="true" duration-ms="6072" started-at="2016-12-09T14:00:39Z" finished-at="2016-12-09T14:00:45Z">
          <params>
            <param index="0">
              <value>
                <![CDATA[[TestResult name=loginHallwazeValidation status=SUCCESS method=SignIn.loginHallwazeValidation(java.lang.String, java.lang.String)[pri:0, instance:com.testscript.SignIn@7dc7cbad] output={null}]]]>
              </value>
            </param>
          </params>
          <reporter-output>
          </reporter-output>
        </test-method> <!-- StopDriver -->
        <test-method status="PASS" signature="InitiateDriver(java.lang.String, java.lang.String)[pri:0, instance:com.testscript.SignIn@7dc7cbad]" name="InitiateDriver" is-config="true" duration-ms="5648" started-at="2016-12-09T14:00:45Z" finished-at="2016-12-09T14:00:51Z">
          <params>
            <param index="0">
              <value>
                <![CDATA[chrome]]>
              </value>
            </param>
            <param index="1">
              <value>
                <![CDATA[https://www.hallwaze.com/]]>
              </value>
            </param>
          </params>
          <reporter-output>
          </reporter-output>
        </test-method> <!-- InitiateDriver -->
        <test-method status="FAIL" signature="loginHallwazeVerification()[pri:0, instance:com.testscript.SignIn@7dc7cbad]" name="loginHallwazeVerification" duration-ms="9" started-at="2016-12-09T14:00:51Z" finished-at="2016-12-09T14:00:51Z">
          <exception class="java.lang.AssertionError">
            <message>
              <![CDATA[expected [true] but found [false]]]>
            </message>
            <full-stacktrace>
              <![CDATA[java.lang.AssertionError: expected [true] but found [false]
	at org.testng.Assert.fail(Assert.java:94)
	at org.testng.Assert.failNotEquals(Assert.java:496)
	at org.testng.Assert.assertEquals(Assert.java:125)
	at org.testng.Assert.assertEquals(Assert.java:288)
	at org.testng.Assert.assertEquals(Assert.java:298)
	at com.testscript.SignIn.loginHallwazeVerification(SignIn.java:25)
	at sun.reflect.NativeMethodAccessorImpl.invoke0(Native Method)
	at sun.reflect.NativeMethodAccessorImpl.invoke(NativeMethodAccessorImpl.java:62)
	at sun.reflect.DelegatingMethodAccessorImpl.invoke(DelegatingMethodAccessorImpl.java:43)
	at java.lang.reflect.Method.invoke(Method.java:498)
	at org.testng.internal.MethodInvocationHelper.invokeMethod(MethodInvocationHelper.java:85)
	at org.testng.internal.Invoker.invokeMethod(Invoker.java:639)
	at org.testng.internal.Invoker.invokeTestMethod(Invoker.java:816)
	at org.testng.internal.Invoker.invokeTestMethods(Invoker.java:1124)
	at org.testng.internal.TestMethodWorker.invokeTestMethods(TestMethodWorker.java:125)
	at org.testng.internal.TestMethodWorker.run(TestMethodWorker.java:108)
	at org.testng.TestRunner.privateRun(TestRunner.java:774)
	at org.testng.TestRunner.run(TestRunner.java:624)
	at org.testng.SuiteRunner.runTest(SuiteRunner.java:359)
	at org.testng.SuiteRunner.runSequentially(SuiteRunner.java:354)
	at org.testng.SuiteRunner.privateRun(SuiteRunner.java:312)
	at org.testng.SuiteRunner.run(SuiteRunner.java:261)
	at org.testng.SuiteRunnerWorker.runSuite(SuiteRunnerWorker.java:52)
	at org.testng.SuiteRunnerWorker.run(SuiteRunnerWorker.java:86)
	at org.testng.TestNG.runSuitesSequentially(TestNG.java:1191)
	at org.testng.TestNG.runSuitesLocally(TestNG.java:1116)
	at org.testng.TestNG.run(TestNG.java:1024)
	at org.apache.maven.surefire.testng.TestNGExecutor.run(TestNGExecutor.java:281)
	at org.apache.maven.surefire.testng.TestNGXmlTestSuite.execute(TestNGXmlTestSuite.java:75)
	at org.apache.maven.surefire.testng.TestNGProvider.invoke(TestNGProvider.java:121)
	at org.apache.maven.surefire.booter.ForkedBooter.invokeProviderInSameClassLoader(ForkedBooter.java:290)
	at org.apache.maven.surefire.booter.ForkedBooter.runSuitesInProcess(ForkedBooter.java:242)
	at org.apache.maven.surefire.booter.ForkedBooter.main(ForkedBooter.java:121)
]]>
            </full-stacktrace>
          </exception> <!-- java.lang.AssertionError -->
          <reporter-output>
          </reporter-output>
        </test-method> <!-- loginHallwazeVerification -->
        <test-method status="PASS" signature="StopDriver(org.testng.ITestResult)[pri:0, instance:com.testscript.SignIn@7dc7cbad]" name="StopDriver" is-config="true" duration-ms="3363" started-at="2016-12-09T14:00:51Z" finished-at="2016-12-09T14:00:54Z">
          <params>
            <param index="0">
              <value>
                <![CDATA[[TestResult name=loginHallwazeVerification status=FAILURE method=SignIn.loginHallwazeVerification()[pri:0, instance:com.testscript.SignIn@7dc7cbad] output={null}]]]>
              </value>
            </param>
          </params>
          <reporter-output>
          </reporter-output>
        </test-method> <!-- StopDriver -->
      </class> <!-- com.testscript.SignIn -->
      <class name="com.testscript.LogOut">
        <test-method status="PASS" signature="InitiateDriver(java.lang.String, java.lang.String)[pri:0, instance:com.testscript.LogOut@d2cc05a]" name="InitiateDriver" is-config="true" duration-ms="5208" started-at="2016-12-09T14:00:54Z" finished-at="2016-12-09T14:00:59Z">
          <params>
            <param index="0">
              <value>
                <![CDATA[chrome]]>
              </value>
            </param>
            <param index="1">
              <value>
                <![CDATA[https://www.hallwaze.com/]]>
              </value>
            </param>
          </params>
          <reporter-output>
          </reporter-output>
        </test-method> <!-- InitiateDriver -->
        <test-method status="FAIL" signature="LogOutScenario()[pri:0, instance:com.testscript.LogOut@d2cc05a]" name="LogOutScenario" duration-ms="62" started-at="2016-12-09T14:00:59Z" description="Positive Scenario" finished-at="2016-12-09T14:01:00Z">
          <exception class="java.lang.AssertionError">
            <message>
              <![CDATA[expected [true] but found [false]]]>
            </message>
            <full-stacktrace>
              <![CDATA[java.lang.AssertionError: expected [true] but found [false]
	at org.testng.Assert.fail(Assert.java:94)
	at org.testng.Assert.failNotEquals(Assert.java:496)
	at org.testng.Assert.assertEquals(Assert.java:125)
	at org.testng.Assert.assertEquals(Assert.java:288)
	at org.testng.Assert.assertEquals(Assert.java:298)
	at com.testscript.LogOut.LogOutScenario(LogOut.java:16)
	at sun.reflect.NativeMethodAccessorImpl.invoke0(Native Method)
	at sun.reflect.NativeMethodAccessorImpl.invoke(NativeMethodAccessorImpl.java:62)
	at sun.reflect.DelegatingMethodAccessorImpl.invoke(DelegatingMethodAccessorImpl.java:43)
	at java.lang.reflect.Method.invoke(Method.java:498)
	at org.testng.internal.MethodInvocationHelper.invokeMethod(MethodInvocationHelper.java:85)
	at org.testng.internal.Invoker.invokeMethod(Invoker.java:639)
	at org.testng.internal.Invoker.invokeTestMethod(Invoker.java:816)
	at org.testng.internal.Invoker.invokeTestMethods(Invoker.java:1124)
	at org.testng.internal.TestMethodWorker.invokeTestMethods(TestMethodWorker.java:125)
	at org.testng.internal.TestMethodWorker.run(TestMethodWorker.java:108)
	at org.testng.TestRunner.privateRun(TestRunner.java:774)
	at org.testng.TestRunner.run(TestRunner.java:624)
	at org.testng.SuiteRunner.runTest(SuiteRunner.java:359)
	at org.testng.SuiteRunner.runSequentially(SuiteRunner.java:354)
	at org.testng.SuiteRunner.privateRun(SuiteRunner.java:312)
	at org.testng.SuiteRunner.run(SuiteRunner.java:261)
	at org.testng.SuiteRunnerWorker.runSuite(SuiteRunnerWorker.java:52)
	at org.testng.SuiteRunnerWorker.run(SuiteRunnerWorker.java:86)
	at org.testng.TestNG.runSuitesSequentially(TestNG.java:1191)
	at org.testng.TestNG.runSuitesLocally(TestNG.java:1116)
	at org.testng.TestNG.run(TestNG.java:1024)
	at org.apache.maven.surefire.testng.TestNGExecutor.run(TestNGExecutor.java:281)
	at org.apache.maven.surefire.testng.TestNGXmlTestSuite.execute(TestNGXmlTestSuite.java:75)
	at org.apache.maven.surefire.testng.TestNGProvider.invoke(TestNGProvider.java:121)
	at org.apache.maven.surefire.booter.ForkedBooter.invokeProviderInSameClassLoader(ForkedBooter.java:290)
	at org.apache.maven.surefire.booter.ForkedBooter.runSuitesInProcess(ForkedBooter.java:242)
	at org.apache.maven.surefire.booter.ForkedBooter.main(ForkedBooter.java:121)
]]>
            </full-stacktrace>
          </exception> <!-- java.lang.AssertionError -->
          <reporter-output>
          </reporter-output>
        </test-method> <!-- LogOutScenario -->
        <test-method status="PASS" signature="StopDriver(org.testng.ITestResult)[pri:0, instance:com.testscript.LogOut@d2cc05a]" name="StopDriver" is-config="true" duration-ms="3478" started-at="2016-12-09T14:01:00Z" finished-at="2016-12-09T14:01:03Z">
          <params>
            <param index="0">
              <value>
                <![CDATA[[TestResult name=LogOutScenario status=FAILURE method=LogOut.LogOutScenario()[pri:0, instance:com.testscript.LogOut@d2cc05a] output={null}]]]>
              </value>
            </param>
          </params>
          <reporter-output>
          </reporter-output>
        </test-method> <!-- StopDriver -->
        <test-method status="PASS" signature="InitiateDriver(java.lang.String, java.lang.String)[pri:0, instance:com.testscript.LogOut@d2cc05a]" name="InitiateDriver" is-config="true" duration-ms="5016" started-at="2016-12-09T14:01:03Z" finished-at="2016-12-09T14:01:08Z">
          <params>
            <param index="0">
              <value>
                <![CDATA[chrome]]>
              </value>
            </param>
            <param index="1">
              <value>
                <![CDATA[https://www.hallwaze.com/]]>
              </value>
            </param>
          </params>
          <reporter-output>
          </reporter-output>
        </test-method> <!-- InitiateDriver -->
        <test-method status="PASS" signature="LogoutPassScenerio()[pri:0, instance:com.testscript.LogOut@d2cc05a]" name="LogoutPassScenerio" duration-ms="0" started-at="2016-12-09T14:01:08Z" finished-at="2016-12-09T14:01:08Z">
          <reporter-output>
          </reporter-output>
        </test-method> <!-- LogoutPassScenerio -->
        <test-method status="PASS" signature="StopDriver(org.testng.ITestResult)[pri:0, instance:com.testscript.LogOut@d2cc05a]" name="StopDriver" is-config="true" duration-ms="2785" started-at="2016-12-09T14:01:08Z" finished-at="2016-12-09T14:01:11Z">
          <params>
            <param index="0">
              <value>
                <![CDATA[[TestResult name=LogoutPassScenerio status=SUCCESS method=LogOut.LogoutPassScenerio()[pri:0, instance:com.testscript.LogOut@d2cc05a] output={null}]]]>
              </value>
            </param>
          </params>
          <reporter-output>
          </reporter-output>
        </test-method> <!-- StopDriver -->
      </class> <!-- com.testscript.LogOut -->
    </test> <!-- FD -->
  </suite> <!-- FD -->
</testng-results>
